<?xml version="1.0" encoding="UTF-8"?>
<testsuite xmlns:xsi="http://www.w3.org/2001/XMLSchema-instance" xsi:noNamespaceSchemaLocation="https://maven.apache.org/surefire/maven-surefire-plugin/xsd/surefire-test-report-3.0.xsd" version="3.0" name="pl.edu.wszib.biblioteka.dao.RentingDAOTest" time="0.008" tests="2" errors="0" skipped="0" failures="0">
  <properties>
[...]
</properties>
  <testcase name="SuccessfulGotBookIdFromRenting" classname="pl.edu.wszib.biblioteka.dao.RentingDAOTest" time="0.006">
    <system-out><![CDATA[
]]></system-out>
  </testcase>
  <testcase name="FailedGotBookIdFromRenting" classname="pl.edu.wszib.biblioteka.dao.RentingDAOTest" time="0.001">
    <system-out><![CDATA[
]]></system-out>
  </testcase>
</testsuite>